<?xml version="1.0" encoding="UTF-8"?>
<testsuite name="com.example.soloproject.SoloprojectApplicationTests" tests="1" skipped="0" failures="0" errors="0" timestamp="2024-06-12T12:58:10" hostname="RNTM0324.local" time="0.504">
  <properties/>
  <testcase name="PUTリクエストでCursorGamesのオブジェクトを更新する()" classname="com.example.soloproject.SoloprojectApplicationTests" time="0.504"/>
  <system-out><![CDATA[21:58:09.633 [Test worker] INFO org.springframework.test.context.support.AnnotationConfigContextLoaderUtils -- Could not detect default configuration classes for test class [com.example.soloproject.SoloprojectApplicationTests]: SoloprojectApplicationTests does not declare any static, non-private, non-final, nested classes annotated with @Configuration.
21:58:09.672 [Test worker] INFO org.springframework.boot.test.context.SpringBootTestContextBootstrapper -- Found @SpringBootConfiguration com.example.soloproject.SoloprojectApplication for test class com.example.soloproject.SoloprojectApplicationTests
  .   ____          _            __ _ _
 /\\ / ___'_ __ _ _(_)_ __  __ _ \ \ \ \
( ( )\___ | '_ | '_| | '_ \/ _` | \ \ \ \
 \\/  ___)| |_)| | | | | || (_| |  ) ) ) )
  '  |____| .__|_| |_|_| |_\__, | / / / /
 =========|_|==============|___/=/_/_/_/

 :: Spring Boot ::                (v3.3.0)

2024-06-12T21:58:09.800+09:00  INFO 73149 --- [soloproject] [    Test worker] c.e.s.SoloprojectApplicationTests        : Starting SoloprojectApplicationTests using Java 21.0.3 with PID 73149 (started by user in /Users/user/Desktop/BTC6/week08/Day25/soloproject)
2024-06-12T21:58:09.801+09:00  INFO 73149 --- [soloproject] [    Test worker] c.e.s.SoloprojectApplicationTests        : No active profile set, falling back to 1 default profile: "default"
2024-06-12T21:58:10.003+09:00  INFO 73149 --- [soloproject] [    Test worker] .s.d.r.c.RepositoryConfigurationDelegate : Bootstrapping Spring Data JDBC repositories in DEFAULT mode.
2024-06-12T21:58:10.010+09:00  INFO 73149 --- [soloproject] [    Test worker] .s.d.r.c.RepositoryConfigurationDelegate : Finished Spring Data repository scanning in 4 ms. Found 0 JDBC repository interfaces.
2024-06-12T21:58:10.190+09:00  INFO 73149 --- [soloproject] [    Test worker] o.s.b.w.embedded.tomcat.TomcatWebServer  : Tomcat initialized with port 0 (http)
2024-06-12T21:58:10.196+09:00  INFO 73149 --- [soloproject] [    Test worker] o.apache.catalina.core.StandardService   : Starting service [Tomcat]
2024-06-12T21:58:10.196+09:00  INFO 73149 --- [soloproject] [    Test worker] o.apache.catalina.core.StandardEngine    : Starting Servlet engine: [Apache Tomcat/10.1.24]
2024-06-12T21:58:10.217+09:00  INFO 73149 --- [soloproject] [    Test worker] o.a.c.c.C.[Tomcat].[localhost].[/]       : Initializing Spring embedded WebApplicationContext
2024-06-12T21:58:10.217+09:00  INFO 73149 --- [soloproject] [    Test worker] w.s.c.ServletWebServerApplicationContext : Root WebApplicationContext: initialization completed in 410 ms
2024-06-12T21:58:10.311+09:00  INFO 73149 --- [soloproject] [    Test worker] com.zaxxer.hikari.HikariDataSource       : HikariPool-1 - Starting...
2024-06-12T21:58:10.345+09:00  INFO 73149 --- [soloproject] [    Test worker] com.zaxxer.hikari.pool.HikariPool        : HikariPool-1 - Added connection org.postgresql.jdbc.PgConnection@611c3eae
2024-06-12T21:58:10.346+09:00  INFO 73149 --- [soloproject] [    Test worker] com.zaxxer.hikari.HikariDataSource       : HikariPool-1 - Start completed.
2024-06-12T21:58:10.359+09:00  INFO 73149 --- [soloproject] [    Test worker] org.flywaydb.core.FlywayExecutor         : Database: jdbc:postgresql://localhost/cursor_game (PostgreSQL 14.12)
2024-06-12T21:58:10.379+09:00  INFO 73149 --- [soloproject] [    Test worker] o.f.core.internal.command.DbValidate     : Successfully validated 1 migration (execution time 00:00.011s)
2024-06-12T21:58:10.391+09:00  INFO 73149 --- [soloproject] [    Test worker] o.f.core.internal.command.DbMigrate      : Current version of schema "public": 1
2024-06-12T21:58:10.392+09:00  INFO 73149 --- [soloproject] [    Test worker] o.f.core.internal.command.DbMigrate      : Schema "public" is up to date. No migration necessary.
2024-06-12T21:58:10.435+09:00  INFO 73149 --- [soloproject] [    Test worker] o.s.b.a.w.s.WelcomePageHandlerMapping    : Adding welcome page: class path resource [static/index.html]
2024-06-12T21:58:10.606+09:00  INFO 73149 --- [soloproject] [    Test worker] o.s.b.w.embedded.tomcat.TomcatWebServer  : Tomcat started on port 50647 (http) with context path '/'
2024-06-12T21:58:10.611+09:00  INFO 73149 --- [soloproject] [    Test worker] c.e.s.SoloprojectApplicationTests        : Started SoloprojectApplicationTests in 0.89 seconds (process running for 1.289)
2024-06-12T21:58:11.053+09:00  INFO 73149 --- [soloproject] [o-auto-1-exec-1] o.a.c.c.C.[Tomcat].[localhost].[/]       : Initializing Spring DispatcherServlet 'dispatcherServlet'
2024-06-12T21:58:11.053+09:00  INFO 73149 --- [soloproject] [o-auto-1-exec-1] o.s.web.servlet.DispatcherServlet        : Initializing Servlet 'dispatcherServlet'
2024-06-12T21:58:11.053+09:00  INFO 73149 --- [soloproject] [o-auto-1-exec-1] o.s.web.servlet.DispatcherServlet        : Completed initialization in 0 ms
in
test
250
test
250
]]></system-out>
  <system-err><![CDATA[WARNING: A Java agent has been loaded dynamically (/Users/user/.gradle/caches/modules-2/files-2.1/net.bytebuddy/byte-buddy-agent/1.14.16/4a451ee6484abac3a498df0f3b33ed00a6fced4d/byte-buddy-agent-1.14.16.jar)
WARNING: If a serviceability tool is in use, please run with -XX:+EnableDynamicAgentLoading to hide this warning
WARNING: If a serviceability tool is not in use, please run with -Djdk.instrument.traceUsage for more information
WARNING: Dynamic loading of agents will be disallowed by default in a future release
]]></system-err>
</testsuite>
