<?xml version="1.0" encoding="UTF-8"?>
<testsuite name="com.example.soloproject.SoloprojectApplicationTests" tests="9" skipped="0" failures="0" errors="0" timestamp="2024-06-13T04:45:28" hostname="RNTM0324.local" time="0.624">
  <properties/>
  <testcase name="GETリクエストにはOKステータスを返す()" classname="com.example.soloproject.SoloprojectApplicationTests" time="0.508"/>
  <testcase name="POSTリクエストはCursorGameオブジェクトを格納する()" classname="com.example.soloproject.SoloprojectApplicationTests" time="0.038"/>
  <testcase name="queryを指定したGETリクエストはCursorGamesオブジェクトのリストを返す()" classname="com.example.soloproject.SoloprojectApplicationTests" time="0.018"/>
  <testcase name="PUTリクエストでCursorGamesのオブジェクトを更新する()" classname="com.example.soloproject.SoloprojectApplicationTests" time="0.013"/>
  <testcase name="GETリクエストはCursorGamesオブジェクトのリストを返す()" classname="com.example.soloproject.SoloprojectApplicationTests" time="0.01"/>
  <testcase name="WHERE句を指定したGETリクエストはOKステータスを返す()" classname="com.example.soloproject.SoloprojectApplicationTests" time="0.008"/>
  <testcase name="POSTリクエストはOKステータスを返す()" classname="com.example.soloproject.SoloprojectApplicationTests" time="0.011"/>
  <testcase name="contextLoads()" classname="com.example.soloproject.SoloprojectApplicationTests" time="0.003"/>
  <testcase name="最初のテスト()" classname="com.example.soloproject.SoloprojectApplicationTests" time="0.005"/>
  <system-out><![CDATA[13:45:27.556 [Test worker] INFO org.springframework.test.context.support.AnnotationConfigContextLoaderUtils -- Could not detect default configuration classes for test class [com.example.soloproject.SoloprojectApplicationTests]: SoloprojectApplicationTests does not declare any static, non-private, non-final, nested classes annotated with @Configuration.
13:45:27.596 [Test worker] INFO org.springframework.boot.test.context.SpringBootTestContextBootstrapper -- Found @SpringBootConfiguration com.example.soloproject.SoloprojectApplication for test class com.example.soloproject.SoloprojectApplicationTests
  .   ____          _            __ _ _
 /\\ / ___'_ __ _ _(_)_ __  __ _ \ \ \ \
( ( )\___ | '_ | '_| | '_ \/ _` | \ \ \ \
 \\/  ___)| |_)| | | | | || (_| |  ) ) ) )
  '  |____| .__|_| |_|_| |_\__, | / / / /
 =========|_|==============|___/=/_/_/_/

 :: Spring Boot ::                (v3.3.0)

2024-06-13T13:45:27.725+09:00  INFO 85788 --- [soloproject] [    Test worker] c.e.s.SoloprojectApplicationTests        : Starting SoloprojectApplicationTests using Java 21.0.3 with PID 85788 (started by user in /Users/user/Desktop/BTC6/week08/Day26/newSoloProject)
2024-06-13T13:45:27.725+09:00  INFO 85788 --- [soloproject] [    Test worker] c.e.s.SoloprojectApplicationTests        : No active profile set, falling back to 1 default profile: "default"
2024-06-13T13:45:27.930+09:00  INFO 85788 --- [soloproject] [    Test worker] .s.d.r.c.RepositoryConfigurationDelegate : Bootstrapping Spring Data JDBC repositories in DEFAULT mode.
2024-06-13T13:45:27.937+09:00  INFO 85788 --- [soloproject] [    Test worker] .s.d.r.c.RepositoryConfigurationDelegate : Finished Spring Data repository scanning in 4 ms. Found 0 JDBC repository interfaces.
2024-06-13T13:45:28.110+09:00  INFO 85788 --- [soloproject] [    Test worker] o.s.b.w.embedded.tomcat.TomcatWebServer  : Tomcat initialized with port 0 (http)
2024-06-13T13:45:28.115+09:00  INFO 85788 --- [soloproject] [    Test worker] o.apache.catalina.core.StandardService   : Starting service [Tomcat]
2024-06-13T13:45:28.116+09:00  INFO 85788 --- [soloproject] [    Test worker] o.apache.catalina.core.StandardEngine    : Starting Servlet engine: [Apache Tomcat/10.1.24]
2024-06-13T13:45:28.138+09:00  INFO 85788 --- [soloproject] [    Test worker] o.a.c.c.C.[Tomcat].[localhost].[/]       : Initializing Spring embedded WebApplicationContext
2024-06-13T13:45:28.138+09:00  INFO 85788 --- [soloproject] [    Test worker] w.s.c.ServletWebServerApplicationContext : Root WebApplicationContext: initialization completed in 406 ms
2024-06-13T13:45:28.232+09:00  INFO 85788 --- [soloproject] [    Test worker] com.zaxxer.hikari.HikariDataSource       : HikariPool-1 - Starting...
2024-06-13T13:45:28.267+09:00  INFO 85788 --- [soloproject] [    Test worker] com.zaxxer.hikari.pool.HikariPool        : HikariPool-1 - Added connection org.postgresql.jdbc.PgConnection@57a667c8
2024-06-13T13:45:28.268+09:00  INFO 85788 --- [soloproject] [    Test worker] com.zaxxer.hikari.HikariDataSource       : HikariPool-1 - Start completed.
2024-06-13T13:45:28.279+09:00  INFO 85788 --- [soloproject] [    Test worker] org.flywaydb.core.FlywayExecutor         : Database: jdbc:postgresql://localhost/cursor_game (PostgreSQL 14.12)
2024-06-13T13:45:28.301+09:00  INFO 85788 --- [soloproject] [    Test worker] o.f.core.internal.command.DbValidate     : Successfully validated 1 migration (execution time 00:00.013s)
2024-06-13T13:45:28.318+09:00  INFO 85788 --- [soloproject] [    Test worker] o.f.core.internal.command.DbMigrate      : Current version of schema "public": 1
2024-06-13T13:45:28.319+09:00  INFO 85788 --- [soloproject] [    Test worker] o.f.core.internal.command.DbMigrate      : Schema "public" is up to date. No migration necessary.
2024-06-13T13:45:28.363+09:00  INFO 85788 --- [soloproject] [    Test worker] o.s.b.a.w.s.WelcomePageHandlerMapping    : Adding welcome page: class path resource [static/index.html]
2024-06-13T13:45:28.519+09:00  INFO 85788 --- [soloproject] [    Test worker] o.s.b.w.embedded.tomcat.TomcatWebServer  : Tomcat started on port 60759 (http) with context path '/'
2024-06-13T13:45:28.523+09:00  INFO 85788 --- [soloproject] [    Test worker] c.e.s.SoloprojectApplicationTests        : Started SoloprojectApplicationTests in 0.884 seconds (process running for 1.291)
2024-06-13T13:45:28.975+09:00  INFO 85788 --- [soloproject] [o-auto-1-exec-1] o.a.c.c.C.[Tomcat].[localhost].[/]       : Initializing Spring DispatcherServlet 'dispatcherServlet'
2024-06-13T13:45:28.975+09:00  INFO 85788 --- [soloproject] [o-auto-1-exec-1] o.s.web.servlet.DispatcherServlet        : Initializing Servlet 'dispatcherServlet'
2024-06-13T13:45:28.976+09:00  INFO 85788 --- [soloproject] [o-auto-1-exec-1] o.s.web.servlet.DispatcherServlet        : Completed initialization in 1 ms
in
test
250
test
250
]]></system-out>
  <system-err><![CDATA[WARNING: A Java agent has been loaded dynamically (/Users/user/.gradle/caches/modules-2/files-2.1/net.bytebuddy/byte-buddy-agent/1.14.16/4a451ee6484abac3a498df0f3b33ed00a6fced4d/byte-buddy-agent-1.14.16.jar)
WARNING: If a serviceability tool is in use, please run with -XX:+EnableDynamicAgentLoading to hide this warning
WARNING: If a serviceability tool is not in use, please run with -Djdk.instrument.traceUsage for more information
WARNING: Dynamic loading of agents will be disallowed by default in a future release
]]></system-err>
</testsuite>
